<?xml version="1.0" encoding="UTF-8"?>
<testsuite name="org.workshop.demo.PersonalFinanceApiApplicationTests" tests="1" skipped="0" failures="0" errors="0" timestamp="2026-01-05T18:52:11.902Z" hostname="MacBook-Pro-de-Marco.local" time="0.302">
  <properties/>
  <testcase name="contextLoads()" classname="org.workshop.demo.PersonalFinanceApiApplicationTests" time="0.302"/>
  <system-out><![CDATA[13:52:10.624 [Test worker] INFO org.springframework.test.context.support.AnnotationConfigContextLoaderUtils -- Could not detect default configuration classes for test class [org.workshop.demo.PersonalFinanceApiApplicationTests]: PersonalFinanceApiApplicationTests does not declare any static, non-private, non-final, nested classes annotated with @Configuration.
13:52:10.662 [Test worker] INFO org.springframework.boot.test.context.SpringBootTestContextBootstrapper -- Found @SpringBootConfiguration org.workshop.demo.PersonalFinanceApiApplication for test class org.workshop.demo.PersonalFinanceApiApplicationTests

  .   ____          _            __ _ _
 /\\ / ___'_ __ _ _(_)_ __  __ _ \ \ \ \
( ( )\___ | '_ | '_| | '_ \/ _` | \ \ \ \
 \\/  ___)| |_)| | | | | || (_| |  ) ) ) )
  '  |____| .__|_| |_|_| |_\__, | / / / /
 =========|_|==============|___/=/_/_/_/

 :: Spring Boot ::                (v4.0.1)

2026-01-05T13:52:10.848-05:00  INFO 88309 --- [PersonalFinanceApi] [    Test worker] o.w.d.PersonalFinanceApiApplicationTests : Starting PersonalFinanceApiApplicationTests using Java 21.0.5 with PID 88309 (started by marcovillarreal in /Users/marcovillarreal/workspaces/vbd-demos/demo-apps/backend-fundamentals-java/PersonalFinanceApi)
2026-01-05T13:52:10.848-05:00  INFO 88309 --- [PersonalFinanceApi] [    Test worker] o.w.d.PersonalFinanceApiApplicationTests : No active profile set, falling back to 1 default profile: "default"
2026-01-05T13:52:11.050-05:00  INFO 88309 --- [PersonalFinanceApi] [    Test worker] .s.d.r.c.RepositoryConfigurationDelegate : Bootstrapping Spring Data JPA repositories in DEFAULT mode.
2026-01-05T13:52:11.059-05:00  INFO 88309 --- [PersonalFinanceApi] [    Test worker] .s.d.r.c.RepositoryConfigurationDelegate : Finished Spring Data repository scanning in 5 ms. Found 0 JPA repository interfaces.
2026-01-05T13:52:11.205-05:00  INFO 88309 --- [PersonalFinanceApi] [    Test worker] com.zaxxer.hikari.HikariDataSource       : HikariPool-1 - Starting...
2026-01-05T13:52:11.280-05:00  INFO 88309 --- [PersonalFinanceApi] [    Test worker] com.zaxxer.hikari.pool.HikariPool        : HikariPool-1 - Added connection conn0: url=jdbc:h2:mem:cb7f2ecd-2623-4d04-bb8f-c720c217a48e user=SA
2026-01-05T13:52:11.281-05:00  INFO 88309 --- [PersonalFinanceApi] [    Test worker] com.zaxxer.hikari.HikariDataSource       : HikariPool-1 - Start completed.
2026-01-05T13:52:11.295-05:00  INFO 88309 --- [PersonalFinanceApi] [    Test worker] org.hibernate.orm.jpa                    : HHH008540: Processing PersistenceUnitInfo [name: default]
2026-01-05T13:52:11.316-05:00  INFO 88309 --- [PersonalFinanceApi] [    Test worker] org.hibernate.orm.core                   : HHH000001: Hibernate ORM core version 7.2.0.Final
2026-01-05T13:52:11.480-05:00  INFO 88309 --- [PersonalFinanceApi] [    Test worker] o.s.o.j.p.SpringPersistenceUnitInfo      : No LoadTimeWeaver setup: ignoring JPA class transformer
2026-01-05T13:52:11.514-05:00  INFO 88309 --- [PersonalFinanceApi] [    Test worker] org.hibernate.orm.connections.pooling    : HHH10001005: Database info:
	Database JDBC URL [jdbc:h2:mem:cb7f2ecd-2623-4d04-bb8f-c720c217a48e]
	Database driver: H2 JDBC Driver
	Database dialect: H2Dialect
	Database version: 2.4.240
	Default catalog/schema: CB7F2ECD-2623-4D04-BB8F-C720C217A48E/PUBLIC
	Autocommit mode: undefined/unknown
	Isolation level: READ_COMMITTED [default READ_COMMITTED]
	JDBC fetch size: 100
	Pool: DataSourceConnectionProvider
	Minimum pool size: undefined/unknown
	Maximum pool size: undefined/unknown
2026-01-05T13:52:11.673-05:00  INFO 88309 --- [PersonalFinanceApi] [    Test worker] org.hibernate.orm.core                   : HHH000489: No JTA platform available (set 'hibernate.transaction.jta.platform' to enable JTA platform integration)
2026-01-05T13:52:11.677-05:00  INFO 88309 --- [PersonalFinanceApi] [    Test worker] j.LocalContainerEntityManagerFactoryBean : Initialized JPA EntityManagerFactory for persistence unit 'default'
2026-01-05T13:52:11.900-05:00  INFO 88309 --- [PersonalFinanceApi] [    Test worker] o.w.d.PersonalFinanceApiApplicationTests : Started PersonalFinanceApiApplicationTests in 1.139 seconds (process running for 1.81)
]]></system-out>
  <system-err><![CDATA[Mockito is currently self-attaching to enable the inline-mock-maker. This will no longer work in future releases of the JDK. Please add Mockito as an agent to your build as described in Mockito's documentation: https://javadoc.io/doc/org.mockito/mockito-core/latest/org.mockito/org/mockito/Mockito.html#0.3
WARNING: A Java agent has been loaded dynamically (/Users/marcovillarreal/.gradle/caches/modules-2/files-2.1/net.bytebuddy/byte-buddy-agent/1.17.8/f09415827a71be7ed621c7bd02550678f28bc81c/byte-buddy-agent-1.17.8.jar)
WARNING: If a serviceability tool is in use, please run with -XX:+EnableDynamicAgentLoading to hide this warning
WARNING: If a serviceability tool is not in use, please run with -Djdk.instrument.traceUsage for more information
WARNING: Dynamic loading of agents will be disallowed by default in a future release
]]></system-err>
</testsuite>
